10-20-2016 @ 13:30:01 - Queuing 2.3.0 - wc_update_230_options
10-20-2016 @ 13:30:01 - Queuing 2.3.0 - wc_update_230_db_version
10-20-2016 @ 13:30:01 - Queuing 2.4.0 - wc_update_240_options
10-20-2016 @ 13:30:01 - Queuing 2.4.0 - wc_update_240_shipping_methods
10-20-2016 @ 13:30:01 - Queuing 2.4.0 - wc_update_240_api_keys
10-20-2016 @ 13:30:01 - Queuing 2.4.0 - wc_update_240_webhooks
10-20-2016 @ 13:30:01 - Queuing 2.4.0 - wc_update_240_refunds
10-20-2016 @ 13:30:01 - Queuing 2.4.0 - wc_update_240_db_version
10-20-2016 @ 13:30:01 - Queuing 2.4.1 - wc_update_241_variations
10-20-2016 @ 13:30:01 - Queuing 2.4.1 - wc_update_241_db_version
10-20-2016 @ 13:30:01 - Queuing 2.5.0 - wc_update_250_currency
10-20-2016 @ 13:30:01 - Queuing 2.5.0 - wc_update_250_db_version
10-20-2016 @ 13:30:01 - Queuing 2.6.0 - wc_update_260_options
10-20-2016 @ 13:30:01 - Queuing 2.6.0 - wc_update_260_termmeta
10-20-2016 @ 13:30:01 - Queuing 2.6.0 - wc_update_260_zones
10-20-2016 @ 13:30:01 - Queuing 2.6.0 - wc_update_260_zone_methods
10-20-2016 @ 13:30:01 - Queuing 2.6.0 - wc_update_260_refunds
10-20-2016 @ 13:30:01 - Queuing 2.6.0 - wc_update_260_db_version
10-20-2016 @ 13:30:02 - Running wc_update_230_options callback
10-20-2016 @ 13:30:02 - Finished wc_update_230_options callback
10-20-2016 @ 13:30:02 - Running wc_update_230_db_version callback
10-20-2016 @ 13:30:02 - Finished wc_update_230_db_version callback
10-20-2016 @ 13:30:02 - Running wc_update_240_options callback
10-20-2016 @ 13:30:02 - Finished wc_update_240_options callback
10-20-2016 @ 13:30:02 - Running wc_update_240_shipping_methods callback
10-20-2016 @ 13:30:02 - Finished wc_update_240_shipping_methods callback
10-20-2016 @ 13:30:02 - Running wc_update_240_api_keys callback
10-20-2016 @ 13:30:02 - Finished wc_update_240_api_keys callback
10-20-2016 @ 13:30:02 - Running wc_update_240_webhooks callback
10-20-2016 @ 13:30:02 - Finished wc_update_240_webhooks callback
10-20-2016 @ 13:30:02 - Running wc_update_240_refunds callback
10-20-2016 @ 13:30:02 - Finished wc_update_240_refunds callback
10-20-2016 @ 13:30:02 - Running wc_update_240_db_version callback
10-20-2016 @ 13:30:02 - Finished wc_update_240_db_version callback
10-20-2016 @ 13:30:02 - Running wc_update_241_variations callback
10-20-2016 @ 13:30:02 - Finished wc_update_241_variations callback
10-20-2016 @ 13:30:02 - Running wc_update_241_db_version callback
10-20-2016 @ 13:30:02 - Finished wc_update_241_db_version callback
10-20-2016 @ 13:30:02 - Running wc_update_250_currency callback
10-20-2016 @ 13:30:02 - Finished wc_update_250_currency callback
10-20-2016 @ 13:30:02 - Running wc_update_250_db_version callback
10-20-2016 @ 13:30:02 - Finished wc_update_250_db_version callback
10-20-2016 @ 13:30:02 - Running wc_update_260_options callback
10-20-2016 @ 13:30:02 - Finished wc_update_260_options callback
10-20-2016 @ 13:30:02 - Running wc_update_260_termmeta callback
10-20-2016 @ 13:30:02 - Finished wc_update_260_termmeta callback
10-20-2016 @ 13:30:02 - Running wc_update_260_zones callback
10-20-2016 @ 13:30:02 - Finished wc_update_260_zones callback
10-20-2016 @ 13:30:02 - Running wc_update_260_zone_methods callback
10-20-2016 @ 13:30:02 - Finished wc_update_260_zone_methods callback
10-20-2016 @ 13:30:02 - Running wc_update_260_refunds callback
10-20-2016 @ 13:30:02 - Finished wc_update_260_refunds callback
10-20-2016 @ 13:30:02 - Running wc_update_260_db_version callback
10-20-2016 @ 13:30:02 - Finished wc_update_260_db_version callback
10-20-2016 @ 13:30:02 - Data update complete
2017-09-01T14:24:33+00:00 INFO Queuing 3.0.0 - wc_update_300_webhooks
2017-09-01T14:24:33+00:00 INFO Queuing 3.0.0 - wc_update_300_grouped_products
2017-09-01T14:24:33+00:00 INFO Queuing 3.0.0 - wc_update_300_settings
2017-09-01T14:24:33+00:00 INFO Queuing 3.0.0 - wc_update_300_product_visibility
2017-09-01T14:24:33+00:00 INFO Queuing 3.0.0 - wc_update_300_db_version
2017-09-01T14:24:33+00:00 INFO Queuing 3.1.0 - wc_update_310_downloadable_products
2017-09-01T14:24:33+00:00 INFO Queuing 3.1.0 - wc_update_310_old_comments
2017-09-01T14:24:33+00:00 INFO Queuing 3.1.0 - wc_update_310_db_version
2017-09-01T14:24:33+00:00 INFO Queuing 3.1.2 - wc_update_312_shop_manager_capabilities
2017-09-01T14:24:33+00:00 INFO Queuing 3.1.2 - wc_update_312_db_version
2017-09-01T14:24:33+00:00 INFO Running wc_update_300_webhooks callback
2017-09-01T14:24:33+00:00 INFO Finished wc_update_300_webhooks callback
2017-09-01T14:24:33+00:00 INFO Running wc_update_300_grouped_products callback
2017-09-01T14:24:33+00:00 INFO Finished wc_update_300_grouped_products callback
2017-09-01T14:24:33+00:00 INFO Running wc_update_300_settings callback
2017-09-01T14:24:33+00:00 INFO Finished wc_update_300_settings callback
2017-09-01T14:24:33+00:00 INFO Running wc_update_300_product_visibility callback
2017-09-01T14:24:34+00:00 INFO Finished wc_update_300_product_visibility callback
2017-09-01T14:24:34+00:00 INFO Running wc_update_300_db_version callback
2017-09-01T14:24:34+00:00 INFO Finished wc_update_300_db_version callback
2017-09-01T14:24:34+00:00 INFO Running wc_update_310_downloadable_products callback
2017-09-01T14:24:34+00:00 INFO Finished wc_update_310_downloadable_products callback
2017-09-01T14:24:34+00:00 INFO Running wc_update_310_old_comments callback
2017-09-01T14:24:34+00:00 INFO Finished wc_update_310_old_comments callback
2017-09-01T14:24:34+00:00 INFO Running wc_update_310_db_version callback
2017-09-01T14:24:34+00:00 INFO Finished wc_update_310_db_version callback
2017-09-01T14:24:34+00:00 INFO Running wc_update_312_shop_manager_capabilities callback
2017-09-01T14:24:34+00:00 INFO Finished wc_update_312_shop_manager_capabilities callback
2017-09-01T14:24:34+00:00 INFO Running wc_update_312_db_version callback
2017-09-01T14:24:34+00:00 INFO Finished wc_update_312_db_version callback
2017-09-01T14:24:34+00:00 INFO Data update complete
